<?xml version="1.0" encoding="UTF-8"?>
<testng-results skipped="0" failed="0" ignored="0" total="1" passed="1">
  <reporter-output>
  </reporter-output>
  <suite name="Test_Selenium_2" duration-ms="7956" started-at="2020-11-01T17:13:22 PST" finished-at="2020-11-01T17:13:30 PST">
    <groups>
    </groups>
    <test name="Command line test" duration-ms="7956" started-at="2020-11-01T17:13:22 PST" finished-at="2020-11-01T17:13:30 PST">
      <class name="Test_Selenium_2">
        <test-method status="PASS" signature="openPageinChrome()[pri:0, instance:Test_Selenium_2@5c3bd550]" name="openPageinChrome" duration-ms="7916" started-at="2020-11-01T17:13:22 PST" finished-at="2020-11-01T17:13:30 PST">
          <reporter-output>
          </reporter-output>
        </test-method> <!-- openPageinChrome -->
      </class> <!-- Test_Selenium_2 -->
    </test> <!-- Command line test -->
  </suite> <!-- Test_Selenium_2 -->
</testng-results>
